# JRE version: Java(TM) SE Runtime Environment (8.0_211-b12) (build 1.8.0_211-b12)
# Java VM: Java HotSpot(TM) 64-Bit Server VM (25.211-b12 mixed mode windows-amd64 compressed oops)
Heap:
 PSYoungGen      total 305152K, used 201012K [0x00000000ec580000, 0x0000000100000000, 0x0000000100000000)
  eden space 291840K, 68% used [0x00000000ec580000,0x00000000f89cd018,0x00000000fe280000)
  from space 13312K, 0% used [0x00000000ff000000,0x00000000ff000000,0x00000000ffd00000)
  to   space 13824K, 0% used [0x00000000fe280000,0x00000000fe280000,0x00000000ff000000)
 ParOldGen       total 68608K, used 26128K [0x00000000c5000000, 0x00000000c9300000, 0x00000000ec580000)
  object space 68608K, 38% used [0x00000000c5000000,0x00000000c6984188,0x00000000c9300000)
 Metaspace       used 64256K, capacity 67868K, committed 68264K, reserved 1107968K
  class space    used 8653K, capacity 9262K, committed 9384K, reserved 1048576K
GC Heap History (10 events):
Event: 7.149 GC heap before
{Heap before GC invocations=13 (full 2):
 PSYoungGen      total 183808K, used 4566K [0x00000000ec580000, 0x00000000fc680000, 0x0000000100000000)
  eden space 174592K, 0% used [0x00000000ec580000,0x00000000ec580000,0x00000000f7000000)
  from space 9216K, 49% used [0x00000000f7000000,0x00000000f7475978,0x00000000f7900000)
  to   space 8704K, 0% used [0x00000000fbe00000,0x00000000fbe00000,0x00000000fc680000)
 ParOldGen       total 27136K, used 10935K [0x00000000c5000000, 0x00000000c6a80000, 0x00000000ec580000)
  object space 27136K, 40% used [0x00000000c5000000,0x00000000c5aaddc0,0x00000000c6a80000)
 Metaspace       used 33495K, capacity 35442K, committed 35496K, reserved 1079296K
  class space    used 4386K, capacity 4741K, committed 4776K, reserved 1048576K
Event: 7.266 GC heap after
Heap after GC invocations=13 (full 2):
 PSYoungGen      total 183808K, used 0K [0x00000000ec580000, 0x00000000fc680000, 0x0000000100000000)
  eden space 174592K, 0% used [0x00000000ec580000,0x00000000ec580000,0x00000000f7000000)
  from space 9216K, 0% used [0x00000000f7000000,0x00000000f7000000,0x00000000f7900000)
  to   space 8704K, 0% used [0x00000000fbe00000,0x00000000fbe00000,0x00000000fc680000)
 ParOldGen       total 44032K, used 12874K [0x00000000c5000000, 0x00000000c7b00000, 0x00000000ec580000)
  object space 44032K, 29% used [0x00000000c5000000,0x00000000c5c92830,0x00000000c7b00000)
 Metaspace       used 33495K, capacity 35442K, committed 35496K, reserved 1079296K
  class space    used 4386K, capacity 4741K, committed 4776K, reserved 1048576K
}
Event: 9.209 GC heap before
{Heap before GC invocations=14 (full 2):
 PSYoungGen      total 183808K, used 174592K [0x00000000ec580000, 0x00000000fc680000, 0x0000000100000000)
  eden space 174592K, 100% used [0x00000000ec580000,0x00000000f7000000,0x00000000f7000000)
  from space 9216K, 0% used [0x00000000f7000000,0x00000000f7000000,0x00000000f7900000)
  to   space 8704K, 0% used [0x00000000fbe00000,0x00000000fbe00000,0x00000000fc680000)
 ParOldGen       total 44032K, used 12874K [0x00000000c5000000, 0x00000000c7b00000, 0x00000000ec580000)
  object space 44032K, 29% used [0x00000000c5000000,0x00000000c5c92830,0x00000000c7b00000)
 Metaspace       used 42566K, capacity 44686K, committed 44840K, reserved 1087488K
  class space    used 5771K, capacity 6157K, committed 6184K, reserved 1048576K
Event: 9.234 GC heap after
Heap after GC invocations=14 (full 2):
 PSYoungGen      total 237056K, used 8701K [0x00000000ec580000, 0x00000000fc680000, 0x0000000100000000)
  eden space 228352K, 0% used [0x00000000ec580000,0x00000000ec580000,0x00000000fa480000)
  from space 8704K, 99% used [0x00000000fbe00000,0x00000000fc67f7d0,0x00000000fc680000)
  to   space 10240K, 0% used [0x00000000fb280000,0x00000000fb280000,0x00000000fbc80000)
 ParOldGen       total 44032K, used 14478K [0x00000000c5000000, 0x00000000c7b00000, 0x00000000ec580000)
  object space 44032K, 32% used [0x00000000c5000000,0x00000000c5e23850,0x00000000c7b00000)
 Metaspace       used 42566K, capacity 44686K, committed 44840K, reserved 1087488K
  class space    used 5771K, capacity 6157K, committed 6184K, reserved 1048576K
}
Event: 11.774 GC heap before
{Heap before GC invocations=15 (full 2):
 PSYoungGen      total 237056K, used 237053K [0x00000000ec580000, 0x00000000fc680000, 0x0000000100000000)
  eden space 228352K, 100% used [0x00000000ec580000,0x00000000fa480000,0x00000000fa480000)
  from space 8704K, 99% used [0x00000000fbe00000,0x00000000fc67f7d0,0x00000000fc680000)
  to   space 10240K, 0% used [0x00000000fb280000,0x00000000fb280000,0x00000000fbc80000)
 ParOldGen       total 44032K, used 14478K [0x00000000c5000000, 0x00000000c7b00000, 0x00000000ec580000)
  object space 44032K, 32% used [0x00000000c5000000,0x00000000c5e23850,0x00000000c7b00000)
 Metaspace       used 52429K, capacity 55284K, committed 55464K, reserved 1097728K
  class space    used 7240K, capacity 7736K, committed 7848K, reserved 1048576K
Event: 11.796 GC heap after
Heap after GC invocations=15 (full 2):
 PSYoungGen      total 252928K, used 10232K [0x00000000ec580000, 0x00000000ffd00000, 0x0000000100000000)
  eden space 242688K, 0% used [0x00000000ec580000,0x00000000ec580000,0x00000000fb280000)
  from space 10240K, 99% used [0x00000000fb280000,0x00000000fbc7e198,0x00000000fbc80000)
  to   space 13312K, 0% used [0x00000000ff000000,0x00000000ff000000,0x00000000ffd00000)
 ParOldGen       total 44032K, used 19233K [0x00000000c5000000, 0x00000000c7b00000, 0x00000000ec580000)
  object space 44032K, 43% used [0x00000000c5000000,0x00000000c62c86d0,0x00000000c7b00000)
 Metaspace       used 52429K, capacity 55284K, committed 55464K, reserved 1097728K
  class space    used 7240K, capacity 7736K, committed 7848K, reserved 1048576K
}
Event: 13.703 GC heap before
{Heap before GC invocations=16 (full 2):
 PSYoungGen      total 252928K, used 194877K [0x00000000ec580000, 0x00000000ffd00000, 0x0000000100000000)
  eden space 242688K, 76% used [0x00000000ec580000,0x00000000f79d1590,0x00000000fb280000)
  from space 10240K, 99% used [0x00000000fb280000,0x00000000fbc7e198,0x00000000fbc80000)
  to   space 13312K, 0% used [0x00000000ff000000,0x00000000ff000000,0x00000000ffd00000)
 ParOldGen       total 44032K, used 19233K [0x00000000c5000000, 0x00000000c7b00000, 0x00000000ec580000)
  object space 44032K, 43% used [0x00000000c5000000,0x00000000c62c86d0,0x00000000c7b00000)
 Metaspace       used 55663K, capacity 59038K, committed 59160K, reserved 1099776K
  class space    used 7720K, capacity 8281K, committed 8360K, reserved 1048576K
Event: 13.737 GC heap after
Heap after GC invocations=16 (full 2):
 PSYoungGen      total 305152K, used 8983K [0x00000000ec580000, 0x0000000100000000, 0x0000000100000000)
  eden space 291840K, 0% used [0x00000000ec580000,0x00000000ec580000,0x00000000fe280000)
  from space 13312K, 67% used [0x00000000ff000000,0x00000000ff8c5da0,0x00000000ffd00000)
  to   space 13824K, 0% used [0x00000000fe280000,0x00000000fe280000,0x00000000ff000000)
 ParOldGen       total 44032K, used 22881K [0x00000000c5000000, 0x00000000c7b00000, 0x00000000ec580000)
  object space 44032K, 51% used [0x00000000c5000000,0x00000000c6658700,0x00000000c7b00000)
 Metaspace       used 55663K, capacity 59038K, committed 59160K, reserved 1099776K
  class space    used 7720K, capacity 8281K, committed 8360K, reserved 1048576K
}
Event: 13.737 GC heap before
{Heap before GC invocations=17 (full 3):
 PSYoungGen      total 305152K, used 8983K [0x00000000ec580000, 0x0000000100000000, 0x0000000100000000)
  eden space 291840K, 0% used [0x00000000ec580000,0x00000000ec580000,0x00000000fe280000)
  from space 13312K, 67% used [0x00000000ff000000,0x00000000ff8c5da0,0x00000000ffd00000)
  to   space 13824K, 0% used [0x00000000fe280000,0x00000000fe280000,0x00000000ff000000)
 ParOldGen       total 44032K, used 22881K [0x00000000c5000000, 0x00000000c7b00000, 0x00000000ec580000)
  object space 44032K, 51% used [0x00000000c5000000,0x00000000c6658700,0x00000000c7b00000)
 Metaspace       used 55663K, capacity 59038K, committed 59160K, reserved 1099776K
  class space    used 7720K, capacity 8281K, committed 8360K, reserved 1048576K
Event: 13.941 GC heap after
Heap after GC invocations=17 (full 3):
 PSYoungGen      total 305152K, used 0K [0x00000000ec580000, 0x0000000100000000, 0x0000000100000000)
  eden space 291840K, 0% used [0x00000000ec580000,0x00000000ec580000,0x00000000fe280000)
  from space 13312K, 0% used [0x00000000ff000000,0x00000000ff000000,0x00000000ffd00000)
  to   space 13824K, 0% used [0x00000000fe280000,0x00000000fe280000,0x00000000ff000000)
 ParOldGen       total 68608K, used 26128K [0x00000000c5000000, 0x00000000c9300000, 0x00000000ec580000)
  object space 68608K, 38% used [0x00000000c5000000,0x00000000c6984188,0x00000000c9300000)
 Metaspace       used 55663K, capacity 59038K, committed 59160K, reserved 1099776K
  class space    used 7720K, capacity 8281K, committed 8360K, reserved 1048576K
}

